<?xml version="1.0" encoding="utf-8"?><Test><test-suite type="Assembly" id="1020" name="Assembly-CSharp-Editor.dll" fullname="/home/sebipacurar/Documents/my-git/AltTester-RollABall/RollABall/Library/ScriptAssemblies/Assembly-CSharp-Editor.dll" runstate="Runnable" testcasecount="16" result="Failed" site="Child" start-time="2023-05-29 19:51:27Z" end-time="2023-05-29 19:51:47Z" duration="19.375484" total="1" passed="0" failed="1" inconclusive="0" skipped="0" asserts="0"><properties><property name="_PID" value="6781" /><property name="_APPDOMAIN" value="Unity Child Domain" /></properties><failure><message><![CDATA[One or more child tests had errors]]></message></failure><test-suite type="TestSuite" id="1021" name="Editor" fullname="Editor" runstate="Runnable" testcasecount="16" result="Failed" site="Child" start-time="2023-05-29 19:51:27Z" end-time="2023-05-29 19:51:47Z" duration="19.356634" total="1" passed="0" failed="1" inconclusive="0" skipped="0" asserts="0"><failure><message><![CDATA[One or more child tests had errors]]></message></failure><test-suite type="TestSuite" id="1022" name="Tests" fullname="Editor.Tests" runstate="Runnable" testcasecount="16" result="Failed" site="Child" start-time="2023-05-29 19:51:27Z" end-time="2023-05-29 19:51:47Z" duration="19.356386" total="1" passed="0" failed="1" inconclusive="0" skipped="0" asserts="0"><failure><message><![CDATA[One or more child tests had errors]]></message></failure><test-suite type="TestSuite" id="1023" name="GamePlayTests" fullname="Editor.Tests.GamePlayTests" runstate="Runnable" testcasecount="1" result="Failed" site="Child" start-time="2023-05-29 19:51:27Z" end-time="2023-05-29 19:51:47Z" duration="19.356179" total="1" passed="0" failed="1" inconclusive="0" skipped="0" asserts="0"><failure><message><![CDATA[One or more child tests had errors]]></message></failure><test-suite type="TestFixture" id="1013" name="PickUpTests" fullname="Editor.Tests.GamePlayTests.PickUpTests" classname="Editor.Tests.GamePlayTests.PickUpTests" runstate="Runnable" testcasecount="1" result="Failed" site="Child" start-time="2023-05-29 19:51:27Z" end-time="2023-05-29 19:51:47Z" duration="19.355342" total="1" passed="0" failed="1" inconclusive="0" skipped="0" asserts="0"><failure><message><![CDATA[One or more child tests had errors]]></message></failure><test-case id="1014" name="TestPickupAllItems" fullname="Editor.Tests.GamePlayTests.PickUpTests.TestPickupAllItems" methodname="TestPickupAllItems" classname="Editor.Tests.GamePlayTests.PickUpTests" runstate="Runnable" seed="1571364833" result="Failed" label="Error" start-time="2023-05-29 19:51:28Z" end-time="2023-05-29 19:51:47Z" duration="18.539119" asserts="0"><failure><message><![CDATA[Altom.AltDriver.AltException : Driver disconnected]]></message><stack-trace><![CDATA[  at Altom.AltDriver.Commands.DriverCommunicationWebSocket.Recvall[T] (Altom.AltDriver.Commands.CommandParams param) [0x000ad] in /home/sebipacurar/Documents/my-git/AltTester-RollABall/RollABall/Assets/AltTester/AltDriver/Commands/DriverCommunicationWebSocket.cs:109 
  at Altom.AltDriver.Commands.AltMoveMouse.Execute () [0x00042] in /home/sebipacurar/Documents/my-git/AltTester-RollABall/RollABall/Assets/AltTester/AltDriver/Commands/InputActions/AltMoveMouse.cs:17 
  at Altom.AltDriver.AltDriver.MoveMouse (Altom.AltDriver.AltVector2 coordinates, System.Single duration, System.Boolean wait) [0x00001] in /home/sebipacurar/Documents/my-git/AltTester-RollABall/RollABall/Assets/AltTester/AltDriver/AltDriver.cs:357 
  at Editor.Tests.GamePlayTests.PickUpTests.TestPickupAllItems () [0x0019f] in /home/sebipacurar/Documents/my-git/AltTester-RollABall/RollABall/Assets/Editor/Tests/GamePlayTests/PickUpTests.cs:42 
  at (wrapper managed-to-native) System.Reflection.RuntimeMethodInfo.InternalInvoke(System.Reflection.RuntimeMethodInfo,object,object[],System.Exception&)
  at System.Reflection.RuntimeMethodInfo.Invoke (System.Object obj, System.Reflection.BindingFlags invokeAttr, System.Reflection.Binder binder, System.Object[] parameters, System.Globalization.CultureInfo culture) [0x0006a] in <56af3bfda3de4922902bfa6b4d78d122>:0 ]]></stack-trace></failure></test-case></test-suite></test-suite></test-suite></test-suite></test-suite></Test>